Using pre-set license
Built from '2021.1/staging' branch; Version is '2021.1.18f1 (25bdc3efbc2d) revision 2473411'; Using compiler version '192528614'; Build Type 'Release'
OS: 'Windows 10 Home; OS build 19043.1165; Version 2009; 64bit' Language: 'en' Physical Memory: 32681 MB
BatchMode: 1, IsHumanControllingUs: 0, StartBugReporterOnCrash: 0, Is64bit: 1, IsPro: 0

COMMAND LINE ARGUMENTS:
C:\Program Files\Unity\Hub\Editor\2021.1.18f1\Editor\Unity.exe
-adb2
-batchMode
-noUpm
-name
AssetImportWorker0
-projectPath
C:/Projects/starterProject
-logFile
Logs/AssetImportWorker0.log
-srvPort
55773
Successfully changed project path to: C:/Projects/starterProject
C:/Projects/starterProject
Using Asset Import Pipeline V2.
Refreshing native plugins compatible for Editor in 31.11 ms, found 2 plugins.
Preloading 0 native plugins for Editor in 0.00 ms.
Initialize engine version: 2021.1.18f1 (25bdc3efbc2d)
[Subsystems] Discovering subsystems at path C:/Program Files/Unity/Hub/Editor/2021.1.18f1/Editor/Data/Resources/UnitySubsystems
[Subsystems] Discovering subsystems at path C:/Projects/starterProject/Assets
GfxDevice: creating device client; threaded=0; jobified=0
Direct3D:
    Version:  Direct3D 11.0 [level 11.1]
    Renderer: NVIDIA GeForce RTX 3080 Ti (ID=0x2208)
    Vendor:   NVIDIA
    VRAM:     12108 MB
    Driver:   30.0.14.7168
Initialize mono
Mono path[0] = 'C:/Program Files/Unity/Hub/Editor/2021.1.18f1/Editor/Data/Managed'
Mono path[1] = 'C:/Program Files/Unity/Hub/Editor/2021.1.18f1/Editor/Data/MonoBleedingEdge/lib/mono/unityjit'
Mono config path = 'C:/Program Files/Unity/Hub/Editor/2021.1.18f1/Editor/Data/MonoBleedingEdge/etc'
Using monoOptions --debugger-agent=transport=dt_socket,embedding=1,server=y,suspend=n,address=127.0.0.1:56908
Begin MonoManager ReloadAssembly
Registering precompiled unity dll's ...
Register platform support module: C:/Program Files/Unity/Hub/Editor/2021.1.18f1/Editor/Data/PlaybackEngines/WindowsStandaloneSupport/UnityEditor.WindowsStandalone.Extensions.dll
Registered in 0.001256 seconds.
Native extension for WindowsStandalone target not found
Refreshing native plugins compatible for Editor in 29.53 ms, found 2 plugins.
Preloading 0 native plugins for Editor in 0.00 ms.
Mono: successfully reloaded assembly
- Completed reload, in  1.141 seconds
Domain Reload Profiling:
	ReloadAssembly (1141ms)
		BeginReloadAssembly (42ms)
			ExecutionOrderSort (0ms)
			DisableScriptedObjects (0ms)
			BackupInstance (0ms)
			ReleaseScriptingObjects (0ms)
			CreateAndSetChildDomain (1ms)
		EndReloadAssembly (259ms)
			LoadAssemblies (40ms)
			RebuildTransferFunctionScriptingTraits (0ms)
			SetupTypeCache (91ms)
			ReleaseScriptCaches (0ms)
			RebuildScriptCaches (18ms)
			SetupLoadedEditorAssemblies (120ms)
				LogAssemblyErrors (0ms)
				InitializePlatformSupportModulesInManaged (4ms)
				SetLoadedEditorAssemblies (0ms)
				RefreshPlugins (30ms)
				BeforeProcessingInitializeOnLoad (1ms)
				ProcessInitializeOnLoadAttributes (66ms)
				ProcessInitializeOnLoadMethodAttributes (19ms)
				AfterProcessingInitializeOnLoad (0ms)
				EditorAssembliesLoaded (0ms)
			ExecutionOrderSort2 (0ms)
			AwakeInstancesAfterBackupRestoration (0ms)
Platform modules already initialized, skipping
Registering precompiled user dll's ...
Registered in 0.003355 seconds.
Begin MonoManager ReloadAssembly
Symbol file LoadedFromMemory is not a mono symbol file
Multiple scripted importers are targeting the extension 'uxml' and have all been rejected: UnityEditor.UIElements.UIElementsViewImporter (assembly: C:\Program Files\Unity\Hub\Editor\2021.1.18f1\Editor\Data\Managed\UnityEngine\UnityEditor.UIElementsModule.dll), UnityEditor.UIElements.UIElementsViewImporter (assembly: C:\Program Files\Unity\Hub\Editor\2021.1.18f1\Editor\Data\Managed\UnityEngine\UnityEditor.UIElementsModule.dll) 
UnityEngine.StackTraceUtility:ExtractStackTrace ()
UnityEngine.DebugLogHandler:LogFormat (UnityEngine.LogType,UnityEngine.Object,string,object[])
UnityEngine.Logger:Log (UnityEngine.LogType,object)
UnityEngine.Debug:LogError (object)
UnityEditor.AssetImporters.ScriptedImporter:RegisterScriptedImporters ()

Multiple scripted importers are targeting the extension 'uss' and have all been rejected: UnityEditor.UIElements.StyleSheets.StyleSheetImporter (assembly: C:\Program Files\Unity\Hub\Editor\2021.1.18f1\Editor\Data\Managed\UnityEngine\UnityEditor.UIElementsModule.dll), UnityEditor.UIElements.StyleSheets.StyleSheetImporter (assembly: C:\Program Files\Unity\Hub\Editor\2021.1.18f1\Editor\Data\Managed\UnityEngine\UnityEditor.UIElementsModule.dll) 
UnityEngine.StackTraceUtility:ExtractStackTrace ()
UnityEngine.DebugLogHandler:LogFormat (UnityEngine.LogType,UnityEngine.Object,string,object[])
UnityEngine.Logger:Log (UnityEngine.LogType,object)
UnityEngine.Debug:LogError (object)
UnityEditor.AssetImporters.ScriptedImporter:RegisterScriptedImporters ()

Multiple scripted importers are targeting the extension 'tss' and have all been rejected: UnityEditor.UIElements.StyleSheets.ThemeStyleSheetImporter (assembly: C:\Program Files\Unity\Hub\Editor\2021.1.18f1\Editor\Data\Managed\UnityEngine\UnityEditor.UIElementsModule.dll), UnityEditor.UIElements.StyleSheets.ThemeStyleSheetImporter (assembly: C:\Program Files\Unity\Hub\Editor\2021.1.18f1\Editor\Data\Managed\UnityEngine\UnityEditor.UIElementsModule.dll) 
UnityEngine.StackTraceUtility:ExtractStackTrace ()
UnityEngine.DebugLogHandler:LogFormat (UnityEngine.LogType,UnityEngine.Object,string,object[])
UnityEngine.Logger:Log (UnityEngine.LogType,object)
UnityEngine.Debug:LogError (object)
UnityEditor.AssetImporters.ScriptedImporter:RegisterScriptedImporters ()

ArgumentException: An item with the same key has already been added. Key: UnityEditor.UIElements.EditorAtlasMonitorInjector
Parameter name: key
  at System.Collections.Generic.SortedList`2[TKey,TValue].Add (TKey key, TValue value) [0x00041] in <b5226d7672da4aeaa36d32bf1166a63b>:0 
  at UnityEditor.AssetPostprocessingInternal.GetTextureProcessorsHashString () [0x000ae] in <787760f2093d4a7bb881e33fb1e69d90>:0 
UnityEngine.DebugLogHandler:Internal_LogException(Exception, Object)
UnityEngine.DebugLogHandler:LogException(Exception, Object)
UnityEngine.Logger:LogException(Exception, Object)
UnityEngine.Debug:LogException(Exception)
UnityEditor.AssetPostprocessingInternal:GetTextureProcessorsHashString()

Native extension for WindowsStandalone target not found
Refreshing native plugins compatible for Editor in 28.82 ms, found 2 plugins.
Preloading 0 native plugins for Editor in 0.00 ms.
ASSEMBLY OVERRIDES: * override found for Unity assembly UnityEngine.UIElementsModule.dll (override path Library/ScriptAssemblies/UnityEngine.UIElementsModule.dll)
ASSEMBLY OVERRIDES: * override found for Unity assembly UnityEditor.UIBuilderModule.dll (override path Library/ScriptAssemblies/UnityEditor.UIBuilderModule.dll)
ASSEMBLY OVERRIDES: * override found for Unity assembly UnityEditor.UIElementsModule.dll (override path Library/ScriptAssemblies/UnityEditor.UIElementsModule.dll)
System.ArgumentException: A factory for the type Unity.UI.Builder.BuilderPane+UxmlFactory was already registered
  at UnityEngine.UIElements.VisualElementFactoryRegistry.RegisterFactory (UnityEngine.UIElements.IUxmlFactory factory) [0x0005a] in <14f2cd3d890048378cafcc686bd91a1c>:0 
  at UnityEditor.UIElements.UXMLEditorFactories..cctor () [0x0028e] in <60f4a7b331a5480aaa94dbc2506830d5>:0 
UnityEngine.StackTraceUtility:ExtractStackTrace ()
UnityEngine.DebugLogHandler:LogFormat (UnityEngine.LogType,UnityEngine.Object,string,object[])
UnityEngine.Logger:Log (UnityEngine.LogType,object)
UnityEngine.Debug:LogError (object)
UnityEditor.EditorAssemblies:ProcessInitializeOnLoadAttributes (System.Type[])

System.ArgumentException: A factory for the type Unity.UI.Builder.BuilderPane+UxmlFactory was already registered
  at UnityEngine.UIElements.VisualElementFactoryRegistry.RegisterFactory (UnityEngine.UIElements.IUxmlFactory factory) [0x0005a] in <14f2cd3d890048378cafcc686bd91a1c>:0 
  at UnityEditor.UIElements.UXMLEditorFactories..cctor () [0x0028e] in <60f4a7b331a5480aaa94dbc2506830d5>:0 
UnityEngine.StackTraceUtility:ExtractStackTrace ()
UnityEngine.DebugLogHandler:LogFormat (UnityEngine.LogType,UnityEngine.Object,string,object[])
UnityEngine.Logger:Log (UnityEngine.LogType,object)
UnityEngine.Debug:LogError (object)
UnityEditor.EditorAssemblies:ProcessInitializeOnLoadAttributes (System.Type[])

System.Reflection.TargetInvocationException: Exception has been thrown by the target of an invocation. ---> UnityEngine.UnityException: The MakeClientFunc has already been registered. Registration denied.
  at UnityEngine.UIElements.DragAndDropUtility.RegisterMakeClientFunc (System.Func`1[TResult] makeClient) [0x00017] in <14f2cd3d890048378cafcc686bd91a1c>:0 
  at UnityEditor.UIElements.EditorDragAndDrop.RegisterEditorClient () [0x0000a] in <60f4a7b331a5480aaa94dbc2506830d5>:0 
  at (wrapper managed-to-native) System.Reflection.MonoMethod.InternalInvoke(System.Reflection.MonoMethod,object,object[],System.Exception&)
  at System.Reflection.MonoMethod.Invoke (System.Object obj, System.Reflection.BindingFlags invokeAttr, System.Reflection.Binder binder, System.Object[] parameters, System.Globalization.CultureInfo culture) [0x00032] in <695d1cc93cca45069c528c15c9fdd749>:0 
   --- End of inner exception stack trace ---
  at System.Reflection.MonoMethod.Invoke (System.Object obj, System.Reflection.BindingFlags invokeAttr, System.Reflection.Binder binder, System.Object[] parameters, System.Globalization.CultureInfo culture) [0x00048] in <695d1cc93cca45069c528c15c9fdd749>:0 
  at System.Reflection.MethodBase.Invoke (System.Object obj, System.Object[] parameters) [0x00000] in <695d1cc93cca45069c528c15c9fdd749>:0 
  at UnityEditor.EditorAssemblies.ProcessInitializeOnLoadMethodAttributes () [0x00047] in <787760f2093d4a7bb881e33fb1e69d90>:0 
UnityEngine.StackTraceUtility:ExtractStackTrace ()
UnityEngine.DebugLogHandler:LogFormat (UnityEngine.LogType,UnityEngine.Object,string,object[])
UnityEngine.Logger:Log (UnityEngine.LogType,object)
UnityEngine.Debug:LogError (object)
UnityEditor.EditorAssemblies:ProcessInitializeOnLoadMethodAttributes ()

System.Reflection.TargetInvocationException: Exception has been thrown by the target of an invocation. ---> UnityEngine.UnityException: The MakeDropdownFunc has already been registered. Registration denied.
  at UnityEngine.UIElements.DropdownUtility.RegisterMakeDropdownFunc (System.Func`1[TResult] makeClient) [0x00017] in <14f2cd3d890048378cafcc686bd91a1c>:0 
  at UnityEditor.UIElements.EditorMenuExtensions.RegisterEditorDropdown () [0x0000a] in <60f4a7b331a5480aaa94dbc2506830d5>:0 
  at (wrapper managed-to-native) System.Reflection.MonoMethod.InternalInvoke(System.Reflection.MonoMethod,object,object[],System.Exception&)
  at System.Reflection.MonoMethod.Invoke (System.Object obj, System.Reflection.BindingFlags invokeAttr, System.Reflection.Binder binder, System.Object[] parameters, System.Globalization.CultureInfo culture) [0x00032] in <695d1cc93cca45069c528c15c9fdd749>:0 
   --- End of inner exception stack trace ---
  at System.Reflection.MonoMethod.Invoke (System.Object obj, System.Reflection.BindingFlags invokeAttr, System.Reflection.Binder binder, System.Object[] parameters, System.Globalization.CultureInfo culture) [0x00048] in <695d1cc93cca45069c528c15c9fdd749>:0 
  at System.Reflection.MethodBase.Invoke (System.Object obj, System.Object[] parameters) [0x00000] in <695d1cc93cca45069c528c15c9fdd749>:0 
  at UnityEditor.EditorAssemblies.ProcessInitializeOnLoadMethodAttributes () [0x00047] in <787760f2093d4a7bb881e33fb1e69d90>:0 
UnityEngine.StackTraceUtility:ExtractStackTrace ()
UnityEngine.DebugLogHandler:LogFormat (UnityEngine.LogType,UnityEngine.Object,string,object[])
UnityEngine.Logger:Log (UnityEngine.LogType,object)
UnityEngine.Debug:LogError (object)
UnityEditor.EditorAssemblies:ProcessInitializeOnLoadMethodAttributes ()

ASSEMBLY OVERRIDES: * override found for Unity assembly UnityEngine.UIElementsModule.dll (override path Library/ScriptAssemblies/UnityEngine.UIElementsModule.dll)
ASSEMBLY OVERRIDES: * override found for Unity assembly UnityEditor.UIBuilderModule.dll (override path Library/ScriptAssemblies/UnityEditor.UIBuilderModule.dll)
ASSEMBLY OVERRIDES: * override found for Unity assembly UnityEditor.UIElementsModule.dll (override path Library/ScriptAssemblies/UnityEditor.UIElementsModule.dll)
Mono: successfully reloaded assembly
- Completed reload, in  0.709 seconds
Domain Reload Profiling:
	ReloadAssembly (709ms)
		BeginReloadAssembly (98ms)
			ExecutionOrderSort (0ms)
			DisableScriptedObjects (3ms)
			BackupInstance (0ms)
			ReleaseScriptingObjects (0ms)
			CreateAndSetChildDomain (15ms)
		EndReloadAssembly (574ms)
			LoadAssemblies (59ms)
			RebuildTransferFunctionScriptingTraits (0ms)
			SetupTypeCache (169ms)
			ReleaseScriptCaches (0ms)
			RebuildScriptCaches (27ms)
			SetupLoadedEditorAssemblies (257ms)
				LogAssemblyErrors (0ms)
				InitializePlatformSupportModulesInManaged (2ms)
				SetLoadedEditorAssemblies (0ms)
				RefreshPlugins (29ms)
				BeforeProcessingInitializeOnLoad (36ms)
				ProcessInitializeOnLoadAttributes (181ms)
				ProcessInitializeOnLoadMethodAttributes (4ms)
				AfterProcessingInitializeOnLoad (4ms)
				EditorAssembliesLoaded (0ms)
			ExecutionOrderSort2 (0ms)
			AwakeInstancesAfterBackupRestoration (4ms)
Platform modules already initialized, skipping
========================================================================
Worker process is ready to serve import requests
Launched and connected shader compiler UnityShaderCompiler.exe after 0.04 seconds
Refreshing native plugins compatible for Editor in 0.46 ms, found 2 plugins.
Preloading 0 native plugins for Editor in 0.00 ms.
Unloading 2075 Unused Serialized files (Serialized files now loaded: 0)
System memory in use before: 90.4 MB.
System memory in use after: 90.5 MB.

Unloading 22 unused Assets to reduce memory usage. Loaded Objects now: 2519.
Total: 2.350500 ms (FindLiveObjects: 0.143800 ms CreateObjectMapping: 0.052000 ms MarkObjects: 2.104900 ms  DeleteObjects: 0.049200 ms)

AssetImportParameters requested are different than current active one (requested -> active):
  custom:framework-win-MediaFoundation: 216162199b28c13a410421893ffa2e32 -> 
  custom:video-decoder-ogg-theora: a1e56fd34408186e4bbccfd4996cb3dc -> 
  custom:container-muxer-webm: aa71ff27fc2769a1b78a27578f13a17b -> 
  custom:container-demuxer-webm: 4f35f7cbe854078d1ac9338744f61a02 -> 
  custom:container-demuxer-ogg: 62fdf1f143b41e24485cea50d1cbac27 -> 
  custom:video-encoder-webm-vp8: eb34c28f22e8b96e1ab97ce403110664 -> 
  custom:video-decoder-webm-vp8: 9c59270c3fd7afecdb556c50c9e8de78 -> 
  custom:audio-decoder-ogg-vorbis: bf7c407c2cedff20999df2af8eb42d56 -> 
  custom:audio-encoder-webm-vorbis: bf7c407c2cedff20999df2af8eb42d56 -> 
========================================================================
Received Import Request.
  path: Assets/WUG/Sprites/poison.png
  artifactKey: Guid(bcc5e8aeb794834419ec36a8c5982825) Importer(815301076,1909f56bfc062723c751e8b465ee728b)
Start importing Assets/WUG/Sprites/poison.png using Guid(bcc5e8aeb794834419ec36a8c5982825) Importer(815301076,1909f56bfc062723c751e8b465ee728b)  -> (artifact id: 'bf19c773871d68d248e634deee9c5f22') in 0.093135 seconds 
========================================================================
Received Import Request.
  Time since last request: 0.000110 seconds.
  path: Assets/WUG/Sprites/potion.png
  artifactKey: Guid(57a87035364045d4ab424df0cbd5e155) Importer(815301076,1909f56bfc062723c751e8b465ee728b)
Start importing Assets/WUG/Sprites/potion.png using Guid(57a87035364045d4ab424df0cbd5e155) Importer(815301076,1909f56bfc062723c751e8b465ee728b)  -> (artifact id: '9e0caf6fdbce585155f31400ed28d459') in 0.008756 seconds 
========================================================================
Received Import Request.
  Time since last request: 1.955868 seconds.
  path: Assets/WUG/Sprites/ItemSlotBackground.png
  artifactKey: Guid(9775dedc597859d4e8a501720a97fac4) Importer(815301076,1909f56bfc062723c751e8b465ee728b)
Start importing Assets/WUG/Sprites/ItemSlotBackground.png using Guid(9775dedc597859d4e8a501720a97fac4) Importer(815301076,1909f56bfc062723c751e8b465ee728b)  -> (artifact id: '1fc0b6cfd8e8da87f6d2c4f605cd60df') in 0.013913 seconds 
AssetImportWorkerClient::OnTransportError - code=2 error=End of file
